Date			Time					  uid	user	table 	action rowid
2014-06-05T05:12:20+02:00 INFO  accessLog 48	vishnu	Users	Update	90
2014-06-05T05:27:02+02:00 INFO  accessLog 48	vishnu	Users	create	98
2014-06-05T05:28:41+02:00 INFO  accessLog 48	vishnu	Users	create	99
2014-06-05T05:28:42+02:00 INFO  accessLog 48	vishnu	Users	create	100
2014-06-05T07:40:42+02:00 INFO  accessLog 70	abc1	Users	create	71
2014-06-05T07:40:43+02:00 INFO  accessLog 70	abc1	Users	create	72
2014-06-05T10:35:25+02:00 INFO  accessLog 70	abc1	Users	create	75
2014-06-05T10:35:26+02:00 INFO  accessLog 70	abc1	Users	create	76
2014-06-05T10:36:50+02:00 INFO  accessLog 70	abc1	Users	create	77
2014-06-05T10:37:42+02:00 INFO  accessLog 70	abc1	Users	create	78
2014-06-05T10:37:42+02:00 INFO  accessLog 70	abc1	Users	create	79
2014-06-05T10:50:57+02:00 INFO  accessLog 70	abc1	Users	create	80
2014-06-05T10:51:22+02:00 INFO  accessLog 70	abc1	Users	create	81
2014-06-05T11:07:05+02:00 INFO  accessLog 70	abc1	Users	Update	81
2014-06-05T11:55:12+02:00 INFO  accessLog 70	abc1	Users	Update	81
2014-06-05T11:55:33+02:00 INFO  accessLog 70	abc1	Users	Update	81
2014-06-05T12:08:04+02:00 INFO  accessLog 70	abc1	Users	Update	81
2014-06-05T12:09:02+02:00 INFO  accessLog 70	abc1	Users	Update	81
2014-06-05T12:11:36+02:00 INFO  accessLog 70	abc1	Users	Update	81
2014-06-05T12:12:41+02:00 INFO  accessLog 70	abc1	Users	Update	81
2014-06-05T12:13:49+02:00 INFO  accessLog 70	abc1	Users	Update	81
2014-06-05T12:14:31+02:00 INFO  accessLog 70	abc1	Users	Update	81
2014-06-05T12:14:43+02:00 INFO  accessLog 70	abc1	Users	Update	81
2014-06-05T12:15:38+02:00 INFO  accessLog 70	abc1	Users	Update	81
2014-06-06T07:00:01+02:00 INFO  accessLog name  vishnu123
2014-06-06T07:00:01+02:00 INFO  accessLog email vishnu@gmail.com 
2014-06-06T07:00:01+02:00 INFO  accessLog saEZ6MlWYV9nQ 
2014-06-06T07:00:01+02:00 INFO  accessLog status 1 
2014-06-06T07:00:01+02:00 INFO  accessLog 70	abc1	Users	create	88
2014-06-06T07:00:02+02:00 INFO  accessLog name  vishnu123
2014-06-06T07:00:02+02:00 INFO  accessLog email vishnu@gmail.com 
2014-06-06T07:00:02+02:00 INFO  accessLog saEZ6MlWYV9nQ 
2014-06-06T07:00:02+02:00 INFO  accessLog status 1 
2014-06-06T07:00:02+02:00 INFO  accessLog 70	abc1	Users	create	89
2014-06-06T07:03:26+02:00 INFO  accessLog name  vishnuABC
2014-06-06T07:03:26+02:00 INFO  accessLog email asd@gmail.com 
2014-06-06T07:03:26+02:00 INFO  accessLog saFLGt/QKS6yw 
2014-06-06T07:03:26+02:00 INFO  accessLog 70	abc1	Users	create	90
2014-06-06T07:03:41+02:00 INFO  accessLog name  vishnuABC
2014-06-06T07:03:41+02:00 INFO  accessLog email asd@gmail.com 
2014-06-06T07:03:41+02:00 INFO  accessLog saEZ6MlWYV9nQ 
2014-06-06T07:03:41+02:00 INFO  accessLog 70	abc1	Users	create	91
2014-06-06T07:03:42+02:00 INFO  accessLog name  vishnuABC
2014-06-06T07:03:42+02:00 INFO  accessLog email asd@gmail.com 
2014-06-06T07:03:42+02:00 INFO  accessLog saEZ6MlWYV9nQ 
2014-06-06T07:03:42+02:00 INFO  accessLog status 1 
2014-06-06T07:03:42+02:00 INFO  accessLog 70	abc1	Users	create	92
2014-06-06T07:03:43+02:00 INFO  accessLog name  vishnuABC
2014-06-06T07:03:43+02:00 INFO  accessLog email asd@gmail.com 
2014-06-06T07:03:43+02:00 INFO  accessLog saEZ6MlWYV9nQ 
2014-06-06T07:03:43+02:00 INFO  accessLog status 1 
2014-06-06T07:03:43+02:00 INFO  accessLog 70	abc1	Users	create	93
2014-06-06T07:04:22+02:00 INFO  accessLog name  asda
2014-06-06T07:04:22+02:00 INFO  accessLog email asd@gmail.com 
2014-06-06T07:04:22+02:00 INFO  accessLog saFLGt/QKS6yw 
2014-06-06T07:04:22+02:00 INFO  accessLog 70	abc1	Users	create	94
2014-06-06T07:06:19+02:00 INFO  accessLog name  shjdgf
2014-06-06T07:06:19+02:00 INFO  accessLog email dsfs@gmail.com 
2014-06-06T07:06:19+02:00 INFO  accessLog saFLGt/QKS6yw 
2014-06-06T07:06:19+02:00 INFO  accessLog 70	abc1	Users	create	95
2014-06-06T07:06:25+02:00 INFO  accessLog name  shjdgf
2014-06-06T07:06:25+02:00 INFO  accessLog email dsfs@gmail.com 
2014-06-06T07:06:25+02:00 INFO  accessLog saEZ6MlWYV9nQ 
2014-06-06T07:06:25+02:00 INFO  accessLog status 0 
2014-06-06T07:06:25+02:00 INFO  accessLog 70	abc1	Users	create	96
2014-06-06T07:06:26+02:00 INFO  accessLog name  shjdgf
2014-06-06T07:06:26+02:00 INFO  accessLog email dsfs@gmail.com 
2014-06-06T07:06:26+02:00 INFO  accessLog saEZ6MlWYV9nQ 
2014-06-06T07:06:26+02:00 INFO  accessLog status 0 
2014-06-06T07:06:26+02:00 INFO  accessLog 70	abc1	Users	create	97
2014-06-06T07:13:40+02:00 INFO  accessLog name  ashish
2014-06-06T07:13:40+02:00 INFO  accessLog email ashi@gmail.com 
2014-06-06T07:13:40+02:00 INFO  accessLog saFLGt/QKS6yw 
2014-06-06T07:13:40+02:00 INFO  accessLog 70	abc1	Users	create	98
2014-06-06T07:13:49+02:00 INFO  accessLog name  ashish
2014-06-06T07:13:49+02:00 INFO  accessLog email ashi@gmail.com 
2014-06-06T07:13:49+02:00 INFO  accessLog saEZ6MlWYV9nQ 
2014-06-06T07:13:49+02:00 INFO  accessLog status 1 
2014-06-06T07:13:49+02:00 INFO  accessLog 70	abc1	Users	create	99
2014-06-06T07:13:50+02:00 INFO  accessLog name  ashish
2014-06-06T07:13:50+02:00 INFO  accessLog email ashi@gmail.com 
2014-06-06T07:13:50+02:00 INFO  accessLog saEZ6MlWYV9nQ 
2014-06-06T07:13:50+02:00 INFO  accessLog status 1 
2014-06-06T07:22:23+02:00 INFO  accessLog 70	abc1	Users	create	115
2014-06-06T07:26:41+02:00 INFO  accessLog name  mansi
2014-06-06T07:26:41+02:00 INFO  accessLog email m@gmail.com 
2014-06-06T07:26:41+02:00 INFO  accessLog saFLGt/QKS6yw 
2014-06-06T07:26:41+02:00 INFO  accessLog 70	abc1	Users	create	116
2014-06-06T07:27:05+02:00 INFO  accessLog name  mansi
2014-06-06T07:27:05+02:00 INFO  accessLog email m@gmail.com 
2014-06-06T07:27:05+02:00 INFO  accessLog saEZ6MlWYV9nQ 
2014-06-06T07:27:05+02:00 INFO  accessLog status 1 
2014-06-06T07:27:05+02:00 INFO  accessLog 70	abc1	Users	create	117
2014-06-06T08:10:21+02:00 INFO  accessLog name  banani
2014-06-06T08:10:21+02:00 INFO  accessLog email b@gmail.com 
2014-06-06T08:10:21+02:00 INFO  accessLog saEZ6MlWYV9nQ 
2014-06-06T08:10:21+02:00 INFO  accessLog status 0 
2014-06-06T08:10:21+02:00 INFO  accessLog 70	abc1	Users	create	119
2014-06-06T08:17:36+02:00 INFO  accessLog name  banani
2014-06-06T08:17:36+02:00 INFO  accessLog email b@gmail.com 
2014-06-06T08:17:36+02:00 INFO  accessLog 123 
2014-06-06T08:17:36+02:00 INFO  accessLog status 0 
2014-06-06T08:17:36+02:00 INFO  accessLog 70	abc1	Users	create	119
2014-06-06T08:20:02+02:00 INFO  accessLog name bananixz bananixz123
2014-06-06T08:20:02+02:00 INFO  accessLog 70	abc1	Users	update	119
