2014-06-04T07:52:46+02:00 [systemLog] 48	vishnu	LOGGED OUT
2014-06-04T07:52:54+02:00 [systemLog] 48	vishnu  LOGGED IN 
2014-06-04T08:05:06+02:00 [systemLog] 48	vishnu	LOGGED OUT
2014-06-04T08:05:14+02:00 [systemLog] 48	vishnu  LOGGED IN 
2014-06-04T11:27:20+02:00 [systemLog] 48	vishnu	LOGGED OUT
2014-06-04T11:27:46+02:00 [systemLog] 48	vishnu  LOGGED IN 
2014-06-04T12:17:21+02:00 [systemLog] 48	vishnu	LOGGED OUT
2014-06-04T12:36:41+02:00 [systemLog] 48	vishnu  LOGGED IN 
2014-06-04T12:52:07+02:00 [systemLog] 48	vishnu  LOGGED IN 
2014-06-05T05:24:21+02:00 [systemLog] 48	vishnu	LOGGED OUT
2014-06-05T05:24:30+02:00 [systemLog] 48	vishnu  LOGGED IN 
2014-06-05T05:28:14+02:00 [systemLog] 48	vishnu	LOGGED OUT
2014-06-05T05:28:22+02:00 [systemLog] 48	vishnu  LOGGED IN 
2014-06-05T07:39:31+02:00 [systemLog] 70	abc1  LOGGED IN 
2014-06-05T10:34:41+02:00 [systemLog] 70	abc1  LOGGED IN 
2014-06-05T10:37:23+02:00 [systemLog] 70	abc1  LOGGED IN 
2014-06-05T12:10:01+02:00 [systemLog] 70	abc1  LOGGED IN 
2014-06-05T13:13:06+02:00 [systemLog] 	Guest	LOGGED OUT
2014-06-05T13:14:00+02:00 [systemLog] 82	vishnu  LOGGED IN 
2014-06-05T17:55:47+02:00 [systemLog] 82	vishnu  LOGGED IN 
2014-06-06T06:25:55+02:00 [systemLog] 70	abc1  LOGGED IN 
2014-06-06T18:25:08+02:00 [systemLog] 82	vishnu  LOGGED IN 
2014-06-07T07:10:14+02:00 [systemLog] 82	vishnu  LOGGED IN 
2014-06-07T08:27:57+02:00 [systemLog] 127	org2  LOGGED IN 
2014-06-09T07:02:12+02:00 [systemLog] 127	org2  LOGGED IN 
2014-06-09T08:26:37+02:00 [systemLog] 129	vishnu962014  LOGGED IN 
2014-06-09T09:07:22+02:00 [systemLog] 129	vishnu962014  LOGGED IN 
2014-06-09T13:10:05+02:00 [systemLog] 127	org2  LOGGED IN 
2014-06-09T13:50:00+02:00 [systemLog] 127	org2  LOGGED IN 
2014-06-11T23:13:59+02:00 [systemLog] 135	new orgnaisation  LOGGED IN 
2014-06-11T23:20:08+02:00 [systemLog] 127	org2  LOGGED IN 
2014-06-11T23:26:43+02:00 [systemLog] 135	new orgnaisation  LOGGED IN 
2014-06-11T23:28:37+02:00 [systemLog] 135	new orgnaisation  LOGGED IN 
2014-06-12T06:22:51+02:00 [systemLog] 127	org2  LOGGED IN 
2014-06-12T12:56:18+02:00 [systemLog] 127	org2  LOGGED IN 
2014-06-12T14:12:35+02:00 [systemLog] 127	org2  LOGGED IN 
2014-06-12T20:01:16+02:00 [systemLog] 127	org2  LOGGED IN 
2014-06-12T21:31:50+02:00 [systemLog] 127	org2  LOGGED IN 
2014-06-12T21:40:43+02:00 [systemLog] 127	org2  LOGGED IN 
